<?xml version="1.0" encoding="UTF-8"?>
<testsuite xmlns:xsi="http://www.w3.org/2001/XMLSchema-instance" xsi:noNamespaceSchemaLocation="https://maven.apache.org/surefire/maven-surefire-plugin/xsd/surefire-test-report.xsd" name="io.mosip.esignet.plugin.ida.helper.VCITransactionHelperTest" time="0.009" tests="2" errors="0" skipped="0" failures="0">
  <properties>
    <property name="sun.desktop" value="gnome"/>
    <property name="awt.toolkit" value="sun.awt.X11.XToolkit"/>
    <property name="java.specification.version" value="11"/>
    <property name="sun.cpu.isalist" value=""/>
    <property name="git.build.version" value="1.0.0-SNAPSHOT"/>
    <property name="sun.jnu.encoding" value="UTF-8"/>
    <property name="java.class.path" value="/opt/mosip/repository/esignet-plugins/mosip-identity-plugin/target/test-classes:/opt/mosip/repository/esignet-plugins/mosip-identity-plugin/target/classes:/home/anusha/.m2/repository/junit/junit/4.13.1/junit-4.13.1.jar:/home/anusha/.m2/repository/org/hamcrest/hamcrest-core/2.2/hamcrest-core-2.2.jar:/home/anusha/.m2/repository/org/hamcrest/hamcrest/2.2/hamcrest-2.2.jar:/home/anusha/.m2/repository/org/projectlombok/lombok/1.18.22/lombok-1.18.22.jar:/home/anusha/.m2/repository/io/mosip/esignet/esignet-core/1.5.0-SNAPSHOT/esignet-core-1.5.0-SNAPSHOT.jar:/home/anusha/.m2/repository/org/springframework/boot/spring-boot-starter-cache/2.3.6.RELEASE/spring-boot-starter-cache-2.3.6.RELEASE.jar:/home/anusha/.m2/repository/org/springframework/boot/spring-boot-starter/2.3.6.RELEASE/spring-boot-starter-2.3.6.RELEASE.jar:/home/anusha/.m2/repository/org/springframework/boot/spring-boot/2.3.6.RELEASE/spring-boot-2.3.6.RELEASE.jar:/home/anusha/.m2/repository/org/springframework/boot/spring-boot-autoconfigure/2.3.6.RELEASE/spring-boot-autoconfigure-2.3.6.RELEASE.jar:/home/anusha/.m2/repository/org/springframework/boot/spring-boot-starter-logging/2.3.6.RELEASE/spring-boot-starter-logging-2.3.6.RELEASE.jar:/home/anusha/.m2/repository/org/apache/logging/log4j/log4j-to-slf4j/2.13.3/log4j-to-slf4j-2.13.3.jar:/home/anusha/.m2/repository/org/apache/logging/log4j/log4j-api/2.13.3/log4j-api-2.13.3.jar:/home/anusha/.m2/repository/jakarta/annotation/jakarta.annotation-api/1.3.5/jakarta.annotation-api-1.3.5.jar:/home/anusha/.m2/repository/org/springframework/spring-core/5.2.11.RELEASE/spring-core-5.2.11.RELEASE.jar:/home/anusha/.m2/repository/org/springframework/spring-jcl/5.2.11.RELEASE/spring-jcl-5.2.11.RELEASE.jar:/home/anusha/.m2/repository/org/yaml/snakeyaml/1.26/snakeyaml-1.26.jar:/home/anusha/.m2/repository/org/springframework/spring-context-support/5.2.11.RELEASE/spring-context-support-5.2.11.RELEASE.jar:/home/anusha/.m2/repository/org/springframework/spring-beans/5.2.11.RELEASE/spring-beans-5.2.11.RELEASE.jar:/home/anusha/.m2/repository/org/springframework/boot/spring-boot-starter-data-jpa/2.3.6.RELEASE/spring-boot-starter-data-jpa-2.3.6.RELEASE.jar:/home/anusha/.m2/repository/org/springframework/boot/spring-boot-starter-aop/2.3.6.RELEASE/spring-boot-starter-aop-2.3.6.RELEASE.jar:/home/anusha/.m2/repository/org/aspectj/aspectjweaver/1.9.6/aspectjweaver-1.9.6.jar:/home/anusha/.m2/repository/org/springframework/boot/spring-boot-starter-jdbc/2.3.6.RELEASE/spring-boot-starter-jdbc-2.3.6.RELEASE.jar:/home/anusha/.m2/repository/com/zaxxer/HikariCP/3.4.5/HikariCP-3.4.5.jar:/home/anusha/.m2/repository/org/springframework/spring-jdbc/5.2.11.RELEASE/spring-jdbc-5.2.11.RELEASE.jar:/home/anusha/.m2/repository/jakarta/transaction/jakarta.transaction-api/1.3.3/jakarta.transaction-api-1.3.3.jar:/home/anusha/.m2/repository/jakarta/persistence/jakarta.persistence-api/2.2.3/jakarta.persistence-api-2.2.3.jar:/home/anusha/.m2/repository/org/hibernate/hibernate-core/5.4.23.Final/hibernate-core-5.4.23.Final.jar:/home/anusha/.m2/repository/org/jboss/logging/jboss-logging/3.4.1.Final/jboss-logging-3.4.1.Final.jar:/home/anusha/.m2/repository/net/bytebuddy/byte-buddy/1.10.18/byte-buddy-1.10.18.jar:/home/anusha/.m2/repository/antlr/antlr/2.7.7/antlr-2.7.7.jar:/home/anusha/.m2/repository/org/jboss/jandex/2.1.3.Final/jandex-2.1.3.Final.jar:/home/anusha/.m2/repository/com/fasterxml/classmate/1.5.1/classmate-1.5.1.jar:/home/anusha/.m2/repository/org/dom4j/dom4j/2.1.3/dom4j-2.1.3.jar:/home/anusha/.m2/repository/org/hibernate/common/hibernate-commons-annotations/5.1.2.Final/hibernate-commons-annotations-5.1.2.Final.jar:/home/anusha/.m2/repository/org/springframework/data/spring-data-jpa/2.3.5.RELEASE/spring-data-jpa-2.3.5.RELEASE.jar:/home/anusha/.m2/repository/org/springframework/data/spring-data-commons/2.3.5.RELEASE/spring-data-commons-2.3.5.RELEASE.jar:/home/anusha/.m2/repository/org/springframework/spring-orm/5.2.11.RELEASE/spring-orm-5.2.11.RELEASE.jar:/home/anusha/.m2/repository/org/springframework/spring-aspects/5.2.11.RELEASE/spring-aspects-5.2.11.RELEASE.jar:/home/anusha/.m2/repository/org/springframework/boot/spring-boot-starter-validation/2.3.6.RELEASE/spring-boot-starter-validation-2.3.6.RELEASE.jar:/home/anusha/.m2/repository/org/glassfish/jakarta.el/3.0.3/jakarta.el-3.0.3.jar:/home/anusha/.m2/repository/org/hibernate/validator/hibernate-validator/6.1.6.Final/hibernate-validator-6.1.6.Final.jar:/home/anusha/.m2/repository/jakarta/validation/jakarta.validation-api/2.0.2/jakarta.validation-api-2.0.2.jar:/home/anusha/.m2/repository/org/springframework/boot/spring-boot-starter-security/2.3.6.RELEASE/spring-boot-starter-security-2.3.6.RELEASE.jar:/home/anusha/.m2/repository/org/springframework/spring-aop/5.2.11.RELEASE/spring-aop-5.2.11.RELEASE.jar:/home/anusha/.m2/repository/org/springframework/security/spring-security-config/5.3.5.RELEASE/spring-security-config-5.3.5.RELEASE.jar:/home/anusha/.m2/repository/org/springframework/security/spring-security-web/5.3.5.RELEASE/spring-security-web-5.3.5.RELEASE.jar:/home/anusha/.m2/repository/org/springframework/spring-expression/5.2.11.RELEASE/spring-expression-5.2.11.RELEASE.jar:/home/anusha/.m2/repository/org/springframework/kafka/spring-kafka/2.5.8.RELEASE/spring-kafka-2.5.8.RELEASE.jar:/home/anusha/.m2/repository/org/springframework/spring-context/5.2.11.RELEASE/spring-context-5.2.11.RELEASE.jar:/home/anusha/.m2/repository/org/springframework/spring-messaging/5.2.11.RELEASE/spring-messaging-5.2.11.RELEASE.jar:/home/anusha/.m2/repository/org/springframework/spring-tx/5.2.11.RELEASE/spring-tx-5.2.11.RELEASE.jar:/home/anusha/.m2/repository/org/springframework/retry/spring-retry/1.2.5.RELEASE/spring-retry-1.2.5.RELEASE.jar:/home/anusha/.m2/repository/org/apache/kafka/kafka-clients/2.5.1/kafka-clients-2.5.1.jar:/home/anusha/.m2/repository/com/github/luben/zstd-jni/1.4.4-7/zstd-jni-1.4.4-7.jar:/home/anusha/.m2/repository/org/lz4/lz4-java/1.7.1/lz4-java-1.7.1.jar:/home/anusha/.m2/repository/org/xerial/snappy/snappy-java/1.1.7.3/snappy-java-1.1.7.3.jar:/home/anusha/.m2/repository/org/springframework/boot/spring-boot-starter-data-redis/2.3.6.RELEASE/spring-boot-starter-data-redis-2.3.6.RELEASE.jar:/home/anusha/.m2/repository/org/springframework/data/spring-data-redis/2.3.5.RELEASE/spring-data-redis-2.3.5.RELEASE.jar:/home/anusha/.m2/repository/org/springframework/data/spring-data-keyvalue/2.3.5.RELEASE/spring-data-keyvalue-2.3.5.RELEASE.jar:/home/anusha/.m2/repository/org/springframework/spring-oxm/5.2.11.RELEASE/spring-oxm-5.2.11.RELEASE.jar:/home/anusha/.m2/repository/io/lettuce/lettuce-core/5.3.5.RELEASE/lettuce-core-5.3.5.RELEASE.jar:/home/anusha/.m2/repository/io/netty/netty-common/4.1.54.Final/netty-common-4.1.54.Final.jar:/home/anusha/.m2/repository/io/netty/netty-handler/4.1.54.Final/netty-handler-4.1.54.Final.jar:/home/anusha/.m2/repository/io/netty/netty-resolver/4.1.54.Final/netty-resolver-4.1.54.Final.jar:/home/anusha/.m2/repository/io/netty/netty-buffer/4.1.54.Final/netty-buffer-4.1.54.Final.jar:/home/anusha/.m2/repository/io/netty/netty-codec/4.1.54.Final/netty-codec-4.1.54.Final.jar:/home/anusha/.m2/repository/io/netty/netty-transport/4.1.54.Final/netty-transport-4.1.54.Final.jar:/home/anusha/.m2/repository/org/springframework/boot/spring-boot-starter-oauth2-resource-server/2.3.6.RELEASE/spring-boot-starter-oauth2-resource-server-2.3.6.RELEASE.jar:/home/anusha/.m2/repository/org/springframework/security/spring-security-core/5.3.5.RELEASE/spring-security-core-5.3.5.RELEASE.jar:/home/anusha/.m2/repository/org/springframework/security/spring-security-oauth2-resource-server/5.3.5.RELEASE/spring-security-oauth2-resource-server-5.3.5.RELEASE.jar:/home/anusha/.m2/repository/org/springframework/security/spring-security-oauth2-core/5.3.5.RELEASE/spring-security-oauth2-core-5.3.5.RELEASE.jar:/home/anusha/.m2/repository/org/springframework/security/spring-security-oauth2-jose/5.3.5.RELEASE/spring-security-oauth2-jose-5.3.5.RELEASE.jar:/home/anusha/.m2/repository/org/springdoc/springdoc-openapi-ui/1.6.9/springdoc-openapi-ui-1.6.9.jar:/home/anusha/.m2/repository/org/springdoc/springdoc-openapi-webmvc-core/1.6.9/springdoc-openapi-webmvc-core-1.6.9.jar:/home/anusha/.m2/repository/org/springdoc/springdoc-openapi-common/1.6.9/springdoc-openapi-common-1.6.9.jar:/home/anusha/.m2/repository/io/swagger/core/v3/swagger-core/2.2.0/swagger-core-2.2.0.jar:/home/anusha/.m2/repository/com/fasterxml/jackson/dataformat/jackson-dataformat-yaml/2.11.3/jackson-dataformat-yaml-2.11.3.jar:/home/anusha/.m2/repository/io/swagger/core/v3/swagger-annotations/2.2.0/swagger-annotations-2.2.0.jar:/home/anusha/.m2/repository/io/swagger/core/v3/swagger-models/2.2.0/swagger-models-2.2.0.jar:/home/anusha/.m2/repository/org/webjars/swagger-ui/4.11.1/swagger-ui-4.11.1.jar:/home/anusha/.m2/repository/org/webjars/webjars-locator-core/0.45/webjars-locator-core-0.45.jar:/home/anusha/.m2/repository/io/github/classgraph/classgraph/4.8.147/classgraph-4.8.147.jar:/home/anusha/.m2/repository/javax/xml/bind/jaxb-api/2.3.1/jaxb-api-2.3.1.jar:/home/anusha/.m2/repository/javax/activation/javax.activation-api/1.2.0/javax.activation-api-1.2.0.jar:/home/anusha/.m2/repository/org/javassist/javassist/3.27.0-GA/javassist-3.27.0-GA.jar:/home/anusha/.m2/repository/io/micrometer/micrometer-registry-prometheus/1.5.7/micrometer-registry-prometheus-1.5.7.jar:/home/anusha/.m2/repository/io/micrometer/micrometer-core/1.5.7/micrometer-core-1.5.7.jar:/home/anusha/.m2/repository/org/hdrhistogram/HdrHistogram/2.1.12/HdrHistogram-2.1.12.jar:/home/anusha/.m2/repository/org/latencyutils/LatencyUtils/2.0.3/LatencyUtils-2.0.3.jar:/home/anusha/.m2/repository/io/prometheus/simpleclient_common/0.8.1/simpleclient_common-0.8.1.jar:/home/anusha/.m2/repository/io/prometheus/simpleclient/0.8.1/simpleclient-0.8.1.jar:/home/anusha/.m2/repository/com/fasterxml/jackson/core/jackson-core/2.11.3/jackson-core-2.11.3.jar:/home/anusha/.m2/repository/com/fasterxml/jackson/core/jackson-annotations/2.11.3/jackson-annotations-2.11.3.jar:/home/anusha/.m2/repository/com/fasterxml/jackson/core/jackson-databind/2.11.3/jackson-databind-2.11.3.jar:/home/anusha/.m2/repository/com/fasterxml/jackson/datatype/jackson-datatype-jsr310/2.11.3/jackson-datatype-jsr310-2.11.3.jar:/home/anusha/.m2/repository/com/fasterxml/jackson/module/jackson-module-afterburner/2.11.3/jackson-module-afterburner-2.11.3.jar:/home/anusha/.m2/repository/commons-codec/commons-codec/1.14/commons-codec-1.14.jar:/home/anusha/.m2/repository/com/google/guava/guava/18.0/guava-18.0.jar:/home/anusha/.m2/repository/commons-validator/commons-validator/1.7/commons-validator-1.7.jar:/home/anusha/.m2/repository/commons-beanutils/commons-beanutils/1.9.4/commons-beanutils-1.9.4.jar:/home/anusha/.m2/repository/commons-digester/commons-digester/2.1/commons-digester-2.1.jar:/home/anusha/.m2/repository/commons-logging/commons-logging/1.2/commons-logging-1.2.jar:/home/anusha/.m2/repository/commons-collections/commons-collections/3.2.2/commons-collections-3.2.2.jar:/home/anusha/.m2/repository/io/mosip/esignet/esignet-integration-api/1.5.0-SNAPSHOT/esignet-integration-api-1.5.0-SNAPSHOT.jar:/home/anusha/.m2/repository/decentralized-identity/jsonld-common-java/0.5.0/jsonld-common-java-0.5.0.jar:/home/anusha/.m2/repository/com/apicatalog/titanium-json-ld/1.1.0/titanium-json-ld-1.1.0.jar:/home/anusha/.m2/repository/io/setl/rdf-urdna/1.1/rdf-urdna-1.1.jar:/home/anusha/.m2/repository/org/glassfish/jakarta.json/2.0.0/jakarta.json-2.0.0.jar:/home/anusha/.m2/repository/io/mosip/kernel/kernel-keymanager-service/1.2.0.1/kernel-keymanager-service-1.2.0.1-lib.jar:/home/anusha/.m2/repository/io/mosip/kernel/kernel-core/1.2.0.1/kernel-core-1.2.0.1.jar:/home/anusha/.m2/repository/org/springframework/boot/spring-boot-starter-test/2.3.6.RELEASE/spring-boot-starter-test-2.3.6.RELEASE.jar:/home/anusha/.m2/repository/org/springframework/boot/spring-boot-test/2.3.6.RELEASE/spring-boot-test-2.3.6.RELEASE.jar:/home/anusha/.m2/repository/org/springframework/boot/spring-boot-test-autoconfigure/2.3.6.RELEASE/spring-boot-test-autoconfigure-2.3.6.RELEASE.jar:/home/anusha/.m2/repository/com/jayway/jsonpath/json-path/2.4.0/json-path-2.4.0.jar:/home/anusha/.m2/repository/jakarta/xml/bind/jakarta.xml.bind-api/2.3.3/jakarta.xml.bind-api-2.3.3.jar:/home/anusha/.m2/repository/jakarta/activation/jakarta.activation-api/1.2.2/jakarta.activation-api-1.2.2.jar:/home/anusha/.m2/repository/org/assertj/assertj-core/3.16.1/assertj-core-3.16.1.jar:/home/anusha/.m2/repository/org/junit/jupiter/junit-jupiter/5.6.3/junit-jupiter-5.6.3.jar:/home/anusha/.m2/repository/org/junit/jupiter/junit-jupiter-api/5.6.3/junit-jupiter-api-5.6.3.jar:/home/anusha/.m2/repository/org/opentest4j/opentest4j/1.2.0/opentest4j-1.2.0.jar:/home/anusha/.m2/repository/org/junit/platform/junit-platform-commons/1.6.3/junit-platform-commons-1.6.3.jar:/home/anusha/.m2/repository/org/junit/jupiter/junit-jupiter-params/5.6.3/junit-jupiter-params-5.6.3.jar:/home/anusha/.m2/repository/org/junit/jupiter/junit-jupiter-engine/5.6.3/junit-jupiter-engine-5.6.3.jar:/home/anusha/.m2/repository/org/junit/vintage/junit-vintage-engine/5.6.3/junit-vintage-engine-5.6.3.jar:/home/anusha/.m2/repository/org/apiguardian/apiguardian-api/1.1.0/apiguardian-api-1.1.0.jar:/home/anusha/.m2/repository/org/junit/platform/junit-platform-engine/1.6.3/junit-platform-engine-1.6.3.jar:/home/anusha/.m2/repository/org/mockito/mockito-junit-jupiter/3.3.3/mockito-junit-jupiter-3.3.3.jar:/home/anusha/.m2/repository/org/skyscreamer/jsonassert/1.5.0/jsonassert-1.5.0.jar:/home/anusha/.m2/repository/com/vaadin/external/google/android-json/0.0.20131108.vaadin1/android-json-0.0.20131108.vaadin1.jar:/home/anusha/.m2/repository/org/springframework/spring-test/5.2.11.RELEASE/spring-test-5.2.11.RELEASE.jar:/home/anusha/.m2/repository/org/xmlunit/xmlunit-core/2.7.0/xmlunit-core-2.7.0.jar:/home/anusha/.m2/repository/javax/persistence/javax.persistence-api/2.2/javax.persistence-api-2.2.jar:/home/anusha/.m2/repository/javax/transaction/javax.transaction-api/1.3/javax.transaction-api-1.3.jar:/home/anusha/.m2/repository/javax/validation/validation-api/2.0.1.Final/validation-api-2.0.1.Final.jar:/home/anusha/.m2/repository/commons-io/commons-io/2.6/commons-io-2.6.jar:/home/anusha/.m2/repository/org/apache/commons/commons-math3/3.6.1/commons-math3-3.6.1.jar:/home/anusha/.m2/repository/org/apache/commons/commons-lang3/3.10/commons-lang3-3.10.jar:/home/anusha/.m2/repository/org/bouncycastle/bcprov-jdk15on/1.66/bcprov-jdk15on-1.66.jar:/home/anusha/.m2/repository/javax/interceptor/javax.interceptor-api/1.2/javax.interceptor-api-1.2.jar:/home/anusha/.m2/repository/com/google/code/findbugs/annotations/3.0.1/annotations-3.0.1.jar:/home/anusha/.m2/repository/net/jcip/jcip-annotations/1.0/jcip-annotations-1.0.jar:/home/anusha/.m2/repository/com/google/code/findbugs/jsr305/3.0.1/jsr305-3.0.1.jar:/home/anusha/.m2/repository/io/swagger/swagger-annotations/1.5.21/swagger-annotations-1.5.21.jar:/home/anusha/.m2/repository/io/swagger/swagger-models/1.5.21/swagger-models-1.5.21.jar:/home/anusha/.m2/repository/com/auth0/java-jwt/3.8.1/java-jwt-3.8.1.jar:/home/anusha/.m2/repository/org/slf4j/jul-to-slf4j/1.7.30/jul-to-slf4j-1.7.30.jar:/home/anusha/.m2/repository/org/slf4j/jcl-over-slf4j/1.7.30/jcl-over-slf4j-1.7.30.jar:/home/anusha/.m2/repository/javax/activation/activation/1.1/activation-1.1.jar:/home/anusha/.m2/repository/org/glassfish/jaxb/jaxb-runtime/2.3.3/jaxb-runtime-2.3.3.jar:/home/anusha/.m2/repository/org/glassfish/jaxb/txw2/2.3.3/txw2-2.3.3.jar:/home/anusha/.m2/repository/com/sun/istack/istack-commons-runtime/3.0.11/istack-commons-runtime-3.0.11.jar:/home/anusha/.m2/repository/com/sun/activation/jakarta.activation/1.2.2/jakarta.activation-1.2.2.jar:/home/anusha/.m2/repository/org/mockito/mockito-core/3.3.3/mockito-core-3.3.3.jar:/home/anusha/.m2/repository/net/bytebuddy/byte-buddy-agent/1.10.18/byte-buddy-agent-1.10.18.jar:/home/anusha/.m2/repository/org/objenesis/objenesis/2.6/objenesis-2.6.jar:/home/anusha/.m2/repository/org/apache/httpcomponents/httpclient/4.5.13/httpclient-4.5.13.jar:/home/anusha/.m2/repository/org/apache/httpcomponents/httpcore/4.4.13/httpcore-4.4.13.jar:/home/anusha/.m2/repository/org/springframework/boot/spring-boot-starter-actuator/2.3.6.RELEASE/spring-boot-starter-actuator-2.3.6.RELEASE.jar:/home/anusha/.m2/repository/org/springframework/boot/spring-boot-actuator-autoconfigure/2.3.6.RELEASE/spring-boot-actuator-autoconfigure-2.3.6.RELEASE.jar:/home/anusha/.m2/repository/org/springframework/boot/spring-boot-actuator/2.3.6.RELEASE/spring-boot-actuator-2.3.6.RELEASE.jar:/home/anusha/.m2/repository/org/springframework/cloud/spring-cloud-starter-config/2.0.4.RELEASE/spring-cloud-starter-config-2.0.4.RELEASE.jar:/home/anusha/.m2/repository/org/springframework/cloud/spring-cloud-starter/2.0.3.RELEASE/spring-cloud-starter-2.0.3.RELEASE.jar:/home/anusha/.m2/repository/org/springframework/cloud/spring-cloud-context/2.0.3.RELEASE/spring-cloud-context-2.0.3.RELEASE.jar:/home/anusha/.m2/repository/org/springframework/security/spring-security-crypto/5.3.5.RELEASE/spring-security-crypto-5.3.5.RELEASE.jar:/home/anusha/.m2/repository/org/springframework/cloud/spring-cloud-commons/2.0.3.RELEASE/spring-cloud-commons-2.0.3.RELEASE.jar:/home/anusha/.m2/repository/org/springframework/security/spring-security-rsa/1.0.7.RELEASE/spring-security-rsa-1.0.7.RELEASE.jar:/home/anusha/.m2/repository/org/springframework/cloud/spring-cloud-config-client/2.0.4.RELEASE/spring-cloud-config-client-2.0.4.RELEASE.jar:/home/anusha/.m2/repository/org/apache/tomcat/embed/tomcat-embed-core/9.0.39/tomcat-embed-core-9.0.39.jar:/home/anusha/.m2/repository/org/apache/tomcat/tomcat-annotations-api/9.0.39/tomcat-annotations-api-9.0.39.jar:/home/anusha/.m2/repository/org/springframework/boot/spring-boot-starter-web/2.3.6.RELEASE/spring-boot-starter-web-2.3.6.RELEASE.jar:/home/anusha/.m2/repository/org/springframework/boot/spring-boot-starter-json/2.3.6.RELEASE/spring-boot-starter-json-2.3.6.RELEASE.jar:/home/anusha/.m2/repository/com/fasterxml/jackson/datatype/jackson-datatype-jdk8/2.11.3/jackson-datatype-jdk8-2.11.3.jar:/home/anusha/.m2/repository/com/fasterxml/jackson/module/jackson-module-parameter-names/2.11.3/jackson-module-parameter-names-2.11.3.jar:/home/anusha/.m2/repository/org/springframework/boot/spring-boot-starter-tomcat/2.3.6.RELEASE/spring-boot-starter-tomcat-2.3.6.RELEASE.jar:/home/anusha/.m2/repository/org/apache/tomcat/embed/tomcat-embed-websocket/9.0.39/tomcat-embed-websocket-9.0.39.jar:/home/anusha/.m2/repository/org/springframework/spring-web/5.2.11.RELEASE/spring-web-5.2.11.RELEASE.jar:/home/anusha/.m2/repository/org/springframework/spring-webmvc/5.2.11.RELEASE/spring-webmvc-5.2.11.RELEASE.jar:/home/anusha/.m2/repository/org/postgresql/postgresql/42.2.18/postgresql-42.2.18.jar:/home/anusha/.m2/repository/org/checkerframework/checker-qual/3.5.0/checker-qual-3.5.0.jar:/home/anusha/.m2/repository/io/mosip/kernel/kernel-logger-logback/1.2.0.1/kernel-logger-logback-1.2.0.1.jar:/home/anusha/.m2/repository/net/logstash/logback/logstash-logback-encoder/6.4/logstash-logback-encoder-6.4.jar:/home/anusha/.m2/repository/ch/qos/logback/logback-classic/1.2.3/logback-classic-1.2.3.jar:/home/anusha/.m2/repository/ch/qos/logback/logback-core/1.2.3/logback-core-1.2.3.jar:/home/anusha/.m2/repository/ch/qos/logback/logback-access/1.2.3/logback-access-1.2.3.jar:/home/anusha/.m2/repository/io/mosip/kernel/kernel-pdfgenerator-itext/1.2.0.1/kernel-pdfgenerator-itext-1.2.0.1.jar:/home/anusha/.m2/repository/com/itextpdf/barcodes/7.1.0/barcodes-7.1.0.jar:/home/anusha/.m2/repository/com/itextpdf/font-asian/7.1.0/font-asian-7.1.0.jar:/home/anusha/.m2/repository/com/itextpdf/forms/7.1.0/forms-7.1.0.jar:/home/anusha/.m2/repository/com/itextpdf/hyph/7.1.0/hyph-7.1.0.jar:/home/anusha/.m2/repository/com/itextpdf/io/7.1.0/io-7.1.0.jar:/home/anusha/.m2/repository/com/itextpdf/kernel/7.1.0/kernel-7.1.0.jar:/home/anusha/.m2/repository/com/itextpdf/layout/7.1.0/layout-7.1.0.jar:/home/anusha/.m2/repository/com/itextpdf/pdfa/7.1.0/pdfa-7.1.0.jar:/home/anusha/.m2/repository/com/itextpdf/sign/7.1.0/sign-7.1.0.jar:/home/anusha/.m2/repository/com/itextpdf/html2pdf/2.0.0/html2pdf-2.0.0.jar:/home/anusha/.m2/repository/com/itextpdf/itextpdf/5.5.13/itextpdf-5.5.13.jar:/home/anusha/.m2/repository/com/itextpdf/tool/xmlworker/5.5.13/xmlworker-5.5.13.jar:/home/anusha/.m2/repository/org/bouncycastle/bcpkix-jdk15on/1.66/bcpkix-jdk15on-1.66.jar:/home/anusha/.m2/repository/com/h2database/h2/1.4.200/h2-1.4.200.jar:/home/anusha/.m2/repository/org/bitbucket/b_c/jose4j/0.6.5/jose4j-0.6.5.jar:/home/anusha/.m2/repository/org/slf4j/slf4j-api/1.7.30/slf4j-api-1.7.30.jar:/home/anusha/.m2/repository/com/github/microsoft/TSS.Java/0.3.0/TSS.Java-0.3.0.jar:/home/anusha/.m2/repository/org/cache2k/cache2k-api/2.4.1.Final/cache2k-api-2.4.1.Final.jar:/home/anusha/.m2/repository/org/cache2k/cache2k-core/2.4.1.Final/cache2k-core-2.4.1.Final.jar:/home/anusha/.m2/repository/com/googlecode/json-simple/json-simple/1.1.1/json-simple-1.1.1.jar:/home/anusha/.m2/repository/com/nimbusds/nimbus-jose-jwt/8.19/nimbus-jose-jwt-8.19.jar:/home/anusha/.m2/repository/com/github/stephenc/jcip/jcip-annotations/1.0-1/jcip-annotations-1.0-1.jar:/home/anusha/.m2/repository/net/minidev/json-smart/2.3/json-smart-2.3.jar:/home/anusha/.m2/repository/net/minidev/accessors-smart/1.2/accessors-smart-1.2.jar:/home/anusha/.m2/repository/org/ow2/asm/asm/5.0.4/asm-5.0.4.jar:/home/anusha/.m2/repository/io/projectreactor/reactor-core/3.3.11.RELEASE/reactor-core-3.3.11.RELEASE.jar:/home/anusha/.m2/repository/org/reactivestreams/reactive-streams/1.0.3/reactive-streams-1.0.3.jar:/home/anusha/.m2/repository/de/mkammerer/argon2-jvm-nolibs/2.11/argon2-jvm-nolibs-2.11.jar:/home/anusha/.m2/repository/net/java/dev/jna/jna/5.13.0/jna-5.13.0.jar:"/>
    <property name="java.vm.vendor" value="Azul Systems, Inc."/>
    <property name="sun.arch.data.model" value="64"/>
    <property name="java.vendor.url" value="http://www.azul.com/"/>
    <property name="user.timezone" value=""/>
    <property name="java.vm.specification.version" value="11"/>
    <property name="os.name" value="Linux"/>
    <property name="gpg.skip" value="true"/>
    <property name="sun.java.launcher" value="SUN_STANDARD"/>
    <property name="user.country" value="US"/>
    <property name="sun.boot.library.path" value="/home/anusha/.sdkman/candidates/java/11.0.23.fx-zulu/lib"/>
    <property name="sun.java.command" value="/opt/mosip/repository/esignet-plugins/mosip-identity-plugin/target/surefire/surefirebooter12643209453857181176.jar /opt/mosip/repository/esignet-plugins/mosip-identity-plugin/target/surefire 2024-06-24T15-19-08_292-jvmRun1 surefire7937411341823706027tmp surefire_017816961887303256295tmp"/>
    <property name="jdk.debug" value="release"/>
    <property name="surefire.test.class.path" value="/opt/mosip/repository/esignet-plugins/mosip-identity-plugin/target/test-classes:/opt/mosip/repository/esignet-plugins/mosip-identity-plugin/target/classes:/home/anusha/.m2/repository/junit/junit/4.13.1/junit-4.13.1.jar:/home/anusha/.m2/repository/org/hamcrest/hamcrest-core/2.2/hamcrest-core-2.2.jar:/home/anusha/.m2/repository/org/hamcrest/hamcrest/2.2/hamcrest-2.2.jar:/home/anusha/.m2/repository/org/projectlombok/lombok/1.18.22/lombok-1.18.22.jar:/home/anusha/.m2/repository/io/mosip/esignet/esignet-core/1.5.0-SNAPSHOT/esignet-core-1.5.0-SNAPSHOT.jar:/home/anusha/.m2/repository/org/springframework/boot/spring-boot-starter-cache/2.3.6.RELEASE/spring-boot-starter-cache-2.3.6.RELEASE.jar:/home/anusha/.m2/repository/org/springframework/boot/spring-boot-starter/2.3.6.RELEASE/spring-boot-starter-2.3.6.RELEASE.jar:/home/anusha/.m2/repository/org/springframework/boot/spring-boot/2.3.6.RELEASE/spring-boot-2.3.6.RELEASE.jar:/home/anusha/.m2/repository/org/springframework/boot/spring-boot-autoconfigure/2.3.6.RELEASE/spring-boot-autoconfigure-2.3.6.RELEASE.jar:/home/anusha/.m2/repository/org/springframework/boot/spring-boot-starter-logging/2.3.6.RELEASE/spring-boot-starter-logging-2.3.6.RELEASE.jar:/home/anusha/.m2/repository/org/apache/logging/log4j/log4j-to-slf4j/2.13.3/log4j-to-slf4j-2.13.3.jar:/home/anusha/.m2/repository/org/apache/logging/log4j/log4j-api/2.13.3/log4j-api-2.13.3.jar:/home/anusha/.m2/repository/jakarta/annotation/jakarta.annotation-api/1.3.5/jakarta.annotation-api-1.3.5.jar:/home/anusha/.m2/repository/org/springframework/spring-core/5.2.11.RELEASE/spring-core-5.2.11.RELEASE.jar:/home/anusha/.m2/repository/org/springframework/spring-jcl/5.2.11.RELEASE/spring-jcl-5.2.11.RELEASE.jar:/home/anusha/.m2/repository/org/yaml/snakeyaml/1.26/snakeyaml-1.26.jar:/home/anusha/.m2/repository/org/springframework/spring-context-support/5.2.11.RELEASE/spring-context-support-5.2.11.RELEASE.jar:/home/anusha/.m2/repository/org/springframework/spring-beans/5.2.11.RELEASE/spring-beans-5.2.11.RELEASE.jar:/home/anusha/.m2/repository/org/springframework/boot/spring-boot-starter-data-jpa/2.3.6.RELEASE/spring-boot-starter-data-jpa-2.3.6.RELEASE.jar:/home/anusha/.m2/repository/org/springframework/boot/spring-boot-starter-aop/2.3.6.RELEASE/spring-boot-starter-aop-2.3.6.RELEASE.jar:/home/anusha/.m2/repository/org/aspectj/aspectjweaver/1.9.6/aspectjweaver-1.9.6.jar:/home/anusha/.m2/repository/org/springframework/boot/spring-boot-starter-jdbc/2.3.6.RELEASE/spring-boot-starter-jdbc-2.3.6.RELEASE.jar:/home/anusha/.m2/repository/com/zaxxer/HikariCP/3.4.5/HikariCP-3.4.5.jar:/home/anusha/.m2/repository/org/springframework/spring-jdbc/5.2.11.RELEASE/spring-jdbc-5.2.11.RELEASE.jar:/home/anusha/.m2/repository/jakarta/transaction/jakarta.transaction-api/1.3.3/jakarta.transaction-api-1.3.3.jar:/home/anusha/.m2/repository/jakarta/persistence/jakarta.persistence-api/2.2.3/jakarta.persistence-api-2.2.3.jar:/home/anusha/.m2/repository/org/hibernate/hibernate-core/5.4.23.Final/hibernate-core-5.4.23.Final.jar:/home/anusha/.m2/repository/org/jboss/logging/jboss-logging/3.4.1.Final/jboss-logging-3.4.1.Final.jar:/home/anusha/.m2/repository/net/bytebuddy/byte-buddy/1.10.18/byte-buddy-1.10.18.jar:/home/anusha/.m2/repository/antlr/antlr/2.7.7/antlr-2.7.7.jar:/home/anusha/.m2/repository/org/jboss/jandex/2.1.3.Final/jandex-2.1.3.Final.jar:/home/anusha/.m2/repository/com/fasterxml/classmate/1.5.1/classmate-1.5.1.jar:/home/anusha/.m2/repository/org/dom4j/dom4j/2.1.3/dom4j-2.1.3.jar:/home/anusha/.m2/repository/org/hibernate/common/hibernate-commons-annotations/5.1.2.Final/hibernate-commons-annotations-5.1.2.Final.jar:/home/anusha/.m2/repository/org/springframework/data/spring-data-jpa/2.3.5.RELEASE/spring-data-jpa-2.3.5.RELEASE.jar:/home/anusha/.m2/repository/org/springframework/data/spring-data-commons/2.3.5.RELEASE/spring-data-commons-2.3.5.RELEASE.jar:/home/anusha/.m2/repository/org/springframework/spring-orm/5.2.11.RELEASE/spring-orm-5.2.11.RELEASE.jar:/home/anusha/.m2/repository/org/springframework/spring-aspects/5.2.11.RELEASE/spring-aspects-5.2.11.RELEASE.jar:/home/anusha/.m2/repository/org/springframework/boot/spring-boot-starter-validation/2.3.6.RELEASE/spring-boot-starter-validation-2.3.6.RELEASE.jar:/home/anusha/.m2/repository/org/glassfish/jakarta.el/3.0.3/jakarta.el-3.0.3.jar:/home/anusha/.m2/repository/org/hibernate/validator/hibernate-validator/6.1.6.Final/hibernate-validator-6.1.6.Final.jar:/home/anusha/.m2/repository/jakarta/validation/jakarta.validation-api/2.0.2/jakarta.validation-api-2.0.2.jar:/home/anusha/.m2/repository/org/springframework/boot/spring-boot-starter-security/2.3.6.RELEASE/spring-boot-starter-security-2.3.6.RELEASE.jar:/home/anusha/.m2/repository/org/springframework/spring-aop/5.2.11.RELEASE/spring-aop-5.2.11.RELEASE.jar:/home/anusha/.m2/repository/org/springframework/security/spring-security-config/5.3.5.RELEASE/spring-security-config-5.3.5.RELEASE.jar:/home/anusha/.m2/repository/org/springframework/security/spring-security-web/5.3.5.RELEASE/spring-security-web-5.3.5.RELEASE.jar:/home/anusha/.m2/repository/org/springframework/spring-expression/5.2.11.RELEASE/spring-expression-5.2.11.RELEASE.jar:/home/anusha/.m2/repository/org/springframework/kafka/spring-kafka/2.5.8.RELEASE/spring-kafka-2.5.8.RELEASE.jar:/home/anusha/.m2/repository/org/springframework/spring-context/5.2.11.RELEASE/spring-context-5.2.11.RELEASE.jar:/home/anusha/.m2/repository/org/springframework/spring-messaging/5.2.11.RELEASE/spring-messaging-5.2.11.RELEASE.jar:/home/anusha/.m2/repository/org/springframework/spring-tx/5.2.11.RELEASE/spring-tx-5.2.11.RELEASE.jar:/home/anusha/.m2/repository/org/springframework/retry/spring-retry/1.2.5.RELEASE/spring-retry-1.2.5.RELEASE.jar:/home/anusha/.m2/repository/org/apache/kafka/kafka-clients/2.5.1/kafka-clients-2.5.1.jar:/home/anusha/.m2/repository/com/github/luben/zstd-jni/1.4.4-7/zstd-jni-1.4.4-7.jar:/home/anusha/.m2/repository/org/lz4/lz4-java/1.7.1/lz4-java-1.7.1.jar:/home/anusha/.m2/repository/org/xerial/snappy/snappy-java/1.1.7.3/snappy-java-1.1.7.3.jar:/home/anusha/.m2/repository/org/springframework/boot/spring-boot-starter-data-redis/2.3.6.RELEASE/spring-boot-starter-data-redis-2.3.6.RELEASE.jar:/home/anusha/.m2/repository/org/springframework/data/spring-data-redis/2.3.5.RELEASE/spring-data-redis-2.3.5.RELEASE.jar:/home/anusha/.m2/repository/org/springframework/data/spring-data-keyvalue/2.3.5.RELEASE/spring-data-keyvalue-2.3.5.RELEASE.jar:/home/anusha/.m2/repository/org/springframework/spring-oxm/5.2.11.RELEASE/spring-oxm-5.2.11.RELEASE.jar:/home/anusha/.m2/repository/io/lettuce/lettuce-core/5.3.5.RELEASE/lettuce-core-5.3.5.RELEASE.jar:/home/anusha/.m2/repository/io/netty/netty-common/4.1.54.Final/netty-common-4.1.54.Final.jar:/home/anusha/.m2/repository/io/netty/netty-handler/4.1.54.Final/netty-handler-4.1.54.Final.jar:/home/anusha/.m2/repository/io/netty/netty-resolver/4.1.54.Final/netty-resolver-4.1.54.Final.jar:/home/anusha/.m2/repository/io/netty/netty-buffer/4.1.54.Final/netty-buffer-4.1.54.Final.jar:/home/anusha/.m2/repository/io/netty/netty-codec/4.1.54.Final/netty-codec-4.1.54.Final.jar:/home/anusha/.m2/repository/io/netty/netty-transport/4.1.54.Final/netty-transport-4.1.54.Final.jar:/home/anusha/.m2/repository/org/springframework/boot/spring-boot-starter-oauth2-resource-server/2.3.6.RELEASE/spring-boot-starter-oauth2-resource-server-2.3.6.RELEASE.jar:/home/anusha/.m2/repository/org/springframework/security/spring-security-core/5.3.5.RELEASE/spring-security-core-5.3.5.RELEASE.jar:/home/anusha/.m2/repository/org/springframework/security/spring-security-oauth2-resource-server/5.3.5.RELEASE/spring-security-oauth2-resource-server-5.3.5.RELEASE.jar:/home/anusha/.m2/repository/org/springframework/security/spring-security-oauth2-core/5.3.5.RELEASE/spring-security-oauth2-core-5.3.5.RELEASE.jar:/home/anusha/.m2/repository/org/springframework/security/spring-security-oauth2-jose/5.3.5.RELEASE/spring-security-oauth2-jose-5.3.5.RELEASE.jar:/home/anusha/.m2/repository/org/springdoc/springdoc-openapi-ui/1.6.9/springdoc-openapi-ui-1.6.9.jar:/home/anusha/.m2/repository/org/springdoc/springdoc-openapi-webmvc-core/1.6.9/springdoc-openapi-webmvc-core-1.6.9.jar:/home/anusha/.m2/repository/org/springdoc/springdoc-openapi-common/1.6.9/springdoc-openapi-common-1.6.9.jar:/home/anusha/.m2/repository/io/swagger/core/v3/swagger-core/2.2.0/swagger-core-2.2.0.jar:/home/anusha/.m2/repository/com/fasterxml/jackson/dataformat/jackson-dataformat-yaml/2.11.3/jackson-dataformat-yaml-2.11.3.jar:/home/anusha/.m2/repository/io/swagger/core/v3/swagger-annotations/2.2.0/swagger-annotations-2.2.0.jar:/home/anusha/.m2/repository/io/swagger/core/v3/swagger-models/2.2.0/swagger-models-2.2.0.jar:/home/anusha/.m2/repository/org/webjars/swagger-ui/4.11.1/swagger-ui-4.11.1.jar:/home/anusha/.m2/repository/org/webjars/webjars-locator-core/0.45/webjars-locator-core-0.45.jar:/home/anusha/.m2/repository/io/github/classgraph/classgraph/4.8.147/classgraph-4.8.147.jar:/home/anusha/.m2/repository/javax/xml/bind/jaxb-api/2.3.1/jaxb-api-2.3.1.jar:/home/anusha/.m2/repository/javax/activation/javax.activation-api/1.2.0/javax.activation-api-1.2.0.jar:/home/anusha/.m2/repository/org/javassist/javassist/3.27.0-GA/javassist-3.27.0-GA.jar:/home/anusha/.m2/repository/io/micrometer/micrometer-registry-prometheus/1.5.7/micrometer-registry-prometheus-1.5.7.jar:/home/anusha/.m2/repository/io/micrometer/micrometer-core/1.5.7/micrometer-core-1.5.7.jar:/home/anusha/.m2/repository/org/hdrhistogram/HdrHistogram/2.1.12/HdrHistogram-2.1.12.jar:/home/anusha/.m2/repository/org/latencyutils/LatencyUtils/2.0.3/LatencyUtils-2.0.3.jar:/home/anusha/.m2/repository/io/prometheus/simpleclient_common/0.8.1/simpleclient_common-0.8.1.jar:/home/anusha/.m2/repository/io/prometheus/simpleclient/0.8.1/simpleclient-0.8.1.jar:/home/anusha/.m2/repository/com/fasterxml/jackson/core/jackson-core/2.11.3/jackson-core-2.11.3.jar:/home/anusha/.m2/repository/com/fasterxml/jackson/core/jackson-annotations/2.11.3/jackson-annotations-2.11.3.jar:/home/anusha/.m2/repository/com/fasterxml/jackson/core/jackson-databind/2.11.3/jackson-databind-2.11.3.jar:/home/anusha/.m2/repository/com/fasterxml/jackson/datatype/jackson-datatype-jsr310/2.11.3/jackson-datatype-jsr310-2.11.3.jar:/home/anusha/.m2/repository/com/fasterxml/jackson/module/jackson-module-afterburner/2.11.3/jackson-module-afterburner-2.11.3.jar:/home/anusha/.m2/repository/commons-codec/commons-codec/1.14/commons-codec-1.14.jar:/home/anusha/.m2/repository/com/google/guava/guava/18.0/guava-18.0.jar:/home/anusha/.m2/repository/commons-validator/commons-validator/1.7/commons-validator-1.7.jar:/home/anusha/.m2/repository/commons-beanutils/commons-beanutils/1.9.4/commons-beanutils-1.9.4.jar:/home/anusha/.m2/repository/commons-digester/commons-digester/2.1/commons-digester-2.1.jar:/home/anusha/.m2/repository/commons-logging/commons-logging/1.2/commons-logging-1.2.jar:/home/anusha/.m2/repository/commons-collections/commons-collections/3.2.2/commons-collections-3.2.2.jar:/home/anusha/.m2/repository/io/mosip/esignet/esignet-integration-api/1.5.0-SNAPSHOT/esignet-integration-api-1.5.0-SNAPSHOT.jar:/home/anusha/.m2/repository/decentralized-identity/jsonld-common-java/0.5.0/jsonld-common-java-0.5.0.jar:/home/anusha/.m2/repository/com/apicatalog/titanium-json-ld/1.1.0/titanium-json-ld-1.1.0.jar:/home/anusha/.m2/repository/io/setl/rdf-urdna/1.1/rdf-urdna-1.1.jar:/home/anusha/.m2/repository/org/glassfish/jakarta.json/2.0.0/jakarta.json-2.0.0.jar:/home/anusha/.m2/repository/io/mosip/kernel/kernel-keymanager-service/1.2.0.1/kernel-keymanager-service-1.2.0.1-lib.jar:/home/anusha/.m2/repository/io/mosip/kernel/kernel-core/1.2.0.1/kernel-core-1.2.0.1.jar:/home/anusha/.m2/repository/org/springframework/boot/spring-boot-starter-test/2.3.6.RELEASE/spring-boot-starter-test-2.3.6.RELEASE.jar:/home/anusha/.m2/repository/org/springframework/boot/spring-boot-test/2.3.6.RELEASE/spring-boot-test-2.3.6.RELEASE.jar:/home/anusha/.m2/repository/org/springframework/boot/spring-boot-test-autoconfigure/2.3.6.RELEASE/spring-boot-test-autoconfigure-2.3.6.RELEASE.jar:/home/anusha/.m2/repository/com/jayway/jsonpath/json-path/2.4.0/json-path-2.4.0.jar:/home/anusha/.m2/repository/jakarta/xml/bind/jakarta.xml.bind-api/2.3.3/jakarta.xml.bind-api-2.3.3.jar:/home/anusha/.m2/repository/jakarta/activation/jakarta.activation-api/1.2.2/jakarta.activation-api-1.2.2.jar:/home/anusha/.m2/repository/org/assertj/assertj-core/3.16.1/assertj-core-3.16.1.jar:/home/anusha/.m2/repository/org/junit/jupiter/junit-jupiter/5.6.3/junit-jupiter-5.6.3.jar:/home/anusha/.m2/repository/org/junit/jupiter/junit-jupiter-api/5.6.3/junit-jupiter-api-5.6.3.jar:/home/anusha/.m2/repository/org/opentest4j/opentest4j/1.2.0/opentest4j-1.2.0.jar:/home/anusha/.m2/repository/org/junit/platform/junit-platform-commons/1.6.3/junit-platform-commons-1.6.3.jar:/home/anusha/.m2/repository/org/junit/jupiter/junit-jupiter-params/5.6.3/junit-jupiter-params-5.6.3.jar:/home/anusha/.m2/repository/org/junit/jupiter/junit-jupiter-engine/5.6.3/junit-jupiter-engine-5.6.3.jar:/home/anusha/.m2/repository/org/junit/vintage/junit-vintage-engine/5.6.3/junit-vintage-engine-5.6.3.jar:/home/anusha/.m2/repository/org/apiguardian/apiguardian-api/1.1.0/apiguardian-api-1.1.0.jar:/home/anusha/.m2/repository/org/junit/platform/junit-platform-engine/1.6.3/junit-platform-engine-1.6.3.jar:/home/anusha/.m2/repository/org/mockito/mockito-junit-jupiter/3.3.3/mockito-junit-jupiter-3.3.3.jar:/home/anusha/.m2/repository/org/skyscreamer/jsonassert/1.5.0/jsonassert-1.5.0.jar:/home/anusha/.m2/repository/com/vaadin/external/google/android-json/0.0.20131108.vaadin1/android-json-0.0.20131108.vaadin1.jar:/home/anusha/.m2/repository/org/springframework/spring-test/5.2.11.RELEASE/spring-test-5.2.11.RELEASE.jar:/home/anusha/.m2/repository/org/xmlunit/xmlunit-core/2.7.0/xmlunit-core-2.7.0.jar:/home/anusha/.m2/repository/javax/persistence/javax.persistence-api/2.2/javax.persistence-api-2.2.jar:/home/anusha/.m2/repository/javax/transaction/javax.transaction-api/1.3/javax.transaction-api-1.3.jar:/home/anusha/.m2/repository/javax/validation/validation-api/2.0.1.Final/validation-api-2.0.1.Final.jar:/home/anusha/.m2/repository/commons-io/commons-io/2.6/commons-io-2.6.jar:/home/anusha/.m2/repository/org/apache/commons/commons-math3/3.6.1/commons-math3-3.6.1.jar:/home/anusha/.m2/repository/org/apache/commons/commons-lang3/3.10/commons-lang3-3.10.jar:/home/anusha/.m2/repository/org/bouncycastle/bcprov-jdk15on/1.66/bcprov-jdk15on-1.66.jar:/home/anusha/.m2/repository/javax/interceptor/javax.interceptor-api/1.2/javax.interceptor-api-1.2.jar:/home/anusha/.m2/repository/com/google/code/findbugs/annotations/3.0.1/annotations-3.0.1.jar:/home/anusha/.m2/repository/net/jcip/jcip-annotations/1.0/jcip-annotations-1.0.jar:/home/anusha/.m2/repository/com/google/code/findbugs/jsr305/3.0.1/jsr305-3.0.1.jar:/home/anusha/.m2/repository/io/swagger/swagger-annotations/1.5.21/swagger-annotations-1.5.21.jar:/home/anusha/.m2/repository/io/swagger/swagger-models/1.5.21/swagger-models-1.5.21.jar:/home/anusha/.m2/repository/com/auth0/java-jwt/3.8.1/java-jwt-3.8.1.jar:/home/anusha/.m2/repository/org/slf4j/jul-to-slf4j/1.7.30/jul-to-slf4j-1.7.30.jar:/home/anusha/.m2/repository/org/slf4j/jcl-over-slf4j/1.7.30/jcl-over-slf4j-1.7.30.jar:/home/anusha/.m2/repository/javax/activation/activation/1.1/activation-1.1.jar:/home/anusha/.m2/repository/org/glassfish/jaxb/jaxb-runtime/2.3.3/jaxb-runtime-2.3.3.jar:/home/anusha/.m2/repository/org/glassfish/jaxb/txw2/2.3.3/txw2-2.3.3.jar:/home/anusha/.m2/repository/com/sun/istack/istack-commons-runtime/3.0.11/istack-commons-runtime-3.0.11.jar:/home/anusha/.m2/repository/com/sun/activation/jakarta.activation/1.2.2/jakarta.activation-1.2.2.jar:/home/anusha/.m2/repository/org/mockito/mockito-core/3.3.3/mockito-core-3.3.3.jar:/home/anusha/.m2/repository/net/bytebuddy/byte-buddy-agent/1.10.18/byte-buddy-agent-1.10.18.jar:/home/anusha/.m2/repository/org/objenesis/objenesis/2.6/objenesis-2.6.jar:/home/anusha/.m2/repository/org/apache/httpcomponents/httpclient/4.5.13/httpclient-4.5.13.jar:/home/anusha/.m2/repository/org/apache/httpcomponents/httpcore/4.4.13/httpcore-4.4.13.jar:/home/anusha/.m2/repository/org/springframework/boot/spring-boot-starter-actuator/2.3.6.RELEASE/spring-boot-starter-actuator-2.3.6.RELEASE.jar:/home/anusha/.m2/repository/org/springframework/boot/spring-boot-actuator-autoconfigure/2.3.6.RELEASE/spring-boot-actuator-autoconfigure-2.3.6.RELEASE.jar:/home/anusha/.m2/repository/org/springframework/boot/spring-boot-actuator/2.3.6.RELEASE/spring-boot-actuator-2.3.6.RELEASE.jar:/home/anusha/.m2/repository/org/springframework/cloud/spring-cloud-starter-config/2.0.4.RELEASE/spring-cloud-starter-config-2.0.4.RELEASE.jar:/home/anusha/.m2/repository/org/springframework/cloud/spring-cloud-starter/2.0.3.RELEASE/spring-cloud-starter-2.0.3.RELEASE.jar:/home/anusha/.m2/repository/org/springframework/cloud/spring-cloud-context/2.0.3.RELEASE/spring-cloud-context-2.0.3.RELEASE.jar:/home/anusha/.m2/repository/org/springframework/security/spring-security-crypto/5.3.5.RELEASE/spring-security-crypto-5.3.5.RELEASE.jar:/home/anusha/.m2/repository/org/springframework/cloud/spring-cloud-commons/2.0.3.RELEASE/spring-cloud-commons-2.0.3.RELEASE.jar:/home/anusha/.m2/repository/org/springframework/security/spring-security-rsa/1.0.7.RELEASE/spring-security-rsa-1.0.7.RELEASE.jar:/home/anusha/.m2/repository/org/springframework/cloud/spring-cloud-config-client/2.0.4.RELEASE/spring-cloud-config-client-2.0.4.RELEASE.jar:/home/anusha/.m2/repository/org/apache/tomcat/embed/tomcat-embed-core/9.0.39/tomcat-embed-core-9.0.39.jar:/home/anusha/.m2/repository/org/apache/tomcat/tomcat-annotations-api/9.0.39/tomcat-annotations-api-9.0.39.jar:/home/anusha/.m2/repository/org/springframework/boot/spring-boot-starter-web/2.3.6.RELEASE/spring-boot-starter-web-2.3.6.RELEASE.jar:/home/anusha/.m2/repository/org/springframework/boot/spring-boot-starter-json/2.3.6.RELEASE/spring-boot-starter-json-2.3.6.RELEASE.jar:/home/anusha/.m2/repository/com/fasterxml/jackson/datatype/jackson-datatype-jdk8/2.11.3/jackson-datatype-jdk8-2.11.3.jar:/home/anusha/.m2/repository/com/fasterxml/jackson/module/jackson-module-parameter-names/2.11.3/jackson-module-parameter-names-2.11.3.jar:/home/anusha/.m2/repository/org/springframework/boot/spring-boot-starter-tomcat/2.3.6.RELEASE/spring-boot-starter-tomcat-2.3.6.RELEASE.jar:/home/anusha/.m2/repository/org/apache/tomcat/embed/tomcat-embed-websocket/9.0.39/tomcat-embed-websocket-9.0.39.jar:/home/anusha/.m2/repository/org/springframework/spring-web/5.2.11.RELEASE/spring-web-5.2.11.RELEASE.jar:/home/anusha/.m2/repository/org/springframework/spring-webmvc/5.2.11.RELEASE/spring-webmvc-5.2.11.RELEASE.jar:/home/anusha/.m2/repository/org/postgresql/postgresql/42.2.18/postgresql-42.2.18.jar:/home/anusha/.m2/repository/org/checkerframework/checker-qual/3.5.0/checker-qual-3.5.0.jar:/home/anusha/.m2/repository/io/mosip/kernel/kernel-logger-logback/1.2.0.1/kernel-logger-logback-1.2.0.1.jar:/home/anusha/.m2/repository/net/logstash/logback/logstash-logback-encoder/6.4/logstash-logback-encoder-6.4.jar:/home/anusha/.m2/repository/ch/qos/logback/logback-classic/1.2.3/logback-classic-1.2.3.jar:/home/anusha/.m2/repository/ch/qos/logback/logback-core/1.2.3/logback-core-1.2.3.jar:/home/anusha/.m2/repository/ch/qos/logback/logback-access/1.2.3/logback-access-1.2.3.jar:/home/anusha/.m2/repository/io/mosip/kernel/kernel-pdfgenerator-itext/1.2.0.1/kernel-pdfgenerator-itext-1.2.0.1.jar:/home/anusha/.m2/repository/com/itextpdf/barcodes/7.1.0/barcodes-7.1.0.jar:/home/anusha/.m2/repository/com/itextpdf/font-asian/7.1.0/font-asian-7.1.0.jar:/home/anusha/.m2/repository/com/itextpdf/forms/7.1.0/forms-7.1.0.jar:/home/anusha/.m2/repository/com/itextpdf/hyph/7.1.0/hyph-7.1.0.jar:/home/anusha/.m2/repository/com/itextpdf/io/7.1.0/io-7.1.0.jar:/home/anusha/.m2/repository/com/itextpdf/kernel/7.1.0/kernel-7.1.0.jar:/home/anusha/.m2/repository/com/itextpdf/layout/7.1.0/layout-7.1.0.jar:/home/anusha/.m2/repository/com/itextpdf/pdfa/7.1.0/pdfa-7.1.0.jar:/home/anusha/.m2/repository/com/itextpdf/sign/7.1.0/sign-7.1.0.jar:/home/anusha/.m2/repository/com/itextpdf/html2pdf/2.0.0/html2pdf-2.0.0.jar:/home/anusha/.m2/repository/com/itextpdf/itextpdf/5.5.13/itextpdf-5.5.13.jar:/home/anusha/.m2/repository/com/itextpdf/tool/xmlworker/5.5.13/xmlworker-5.5.13.jar:/home/anusha/.m2/repository/org/bouncycastle/bcpkix-jdk15on/1.66/bcpkix-jdk15on-1.66.jar:/home/anusha/.m2/repository/com/h2database/h2/1.4.200/h2-1.4.200.jar:/home/anusha/.m2/repository/org/bitbucket/b_c/jose4j/0.6.5/jose4j-0.6.5.jar:/home/anusha/.m2/repository/org/slf4j/slf4j-api/1.7.30/slf4j-api-1.7.30.jar:/home/anusha/.m2/repository/com/github/microsoft/TSS.Java/0.3.0/TSS.Java-0.3.0.jar:/home/anusha/.m2/repository/org/cache2k/cache2k-api/2.4.1.Final/cache2k-api-2.4.1.Final.jar:/home/anusha/.m2/repository/org/cache2k/cache2k-core/2.4.1.Final/cache2k-core-2.4.1.Final.jar:/home/anusha/.m2/repository/com/googlecode/json-simple/json-simple/1.1.1/json-simple-1.1.1.jar:/home/anusha/.m2/repository/com/nimbusds/nimbus-jose-jwt/8.19/nimbus-jose-jwt-8.19.jar:/home/anusha/.m2/repository/com/github/stephenc/jcip/jcip-annotations/1.0-1/jcip-annotations-1.0-1.jar:/home/anusha/.m2/repository/net/minidev/json-smart/2.3/json-smart-2.3.jar:/home/anusha/.m2/repository/net/minidev/accessors-smart/1.2/accessors-smart-1.2.jar:/home/anusha/.m2/repository/org/ow2/asm/asm/5.0.4/asm-5.0.4.jar:/home/anusha/.m2/repository/io/projectreactor/reactor-core/3.3.11.RELEASE/reactor-core-3.3.11.RELEASE.jar:/home/anusha/.m2/repository/org/reactivestreams/reactive-streams/1.0.3/reactive-streams-1.0.3.jar:/home/anusha/.m2/repository/de/mkammerer/argon2-jvm-nolibs/2.11/argon2-jvm-nolibs-2.11.jar:/home/anusha/.m2/repository/net/java/dev/jna/jna/5.13.0/jna-5.13.0.jar:"/>
    <property name="sun.cpu.endian" value="little"/>
    <property name="user.home" value="/home/anusha"/>
    <property name="user.language" value="en"/>
    <property name="java.specification.vendor" value="Oracle Corporation"/>
    <property name="java.version.date" value="2024-04-16"/>
    <property name="java.home" value="/home/anusha/.sdkman/candidates/java/11.0.23.fx-zulu"/>
    <property name="file.separator" value="/"/>
    <property name="basedir" value="/opt/mosip/repository/esignet-plugins/mosip-identity-plugin"/>
    <property name="java.vm.compressedOopsMode" value="Zero based"/>
    <property name="line.separator" value="&#10;"/>
    <property name="java.specification.name" value="Java Platform API Specification"/>
    <property name="java.vm.specification.vendor" value="Oracle Corporation"/>
    <property name="jdk.vendor.version" value="Zulu11.72+19-CA"/>
    <property name="java.awt.graphicsenv" value="sun.awt.X11GraphicsEnvironment"/>
    <property name="git.commit.id.full" value="6f3c1790976401ec0a8166f7767482f02362564f"/>
    <property name="git.build.time" value="2024-06-24T15:19:06+0530"/>
    <property name="surefire.real.class.path" value="/opt/mosip/repository/esignet-plugins/mosip-identity-plugin/target/surefire/surefirebooter12643209453857181176.jar"/>
    <property name="sun.management.compiler" value="HotSpot 64-Bit Tiered Compilers"/>
    <property name="java.runtime.version" value="11.0.23+9-LTS"/>
    <property name="user.name" value="anusha"/>
    <property name="path.separator" value=":"/>
    <property name="os.version" value="6.8.0-35-generic"/>
    <property name="java.runtime.name" value="OpenJDK Runtime Environment"/>
    <property name="file.encoding" value="UTF-8"/>
    <property name="java.vm.name" value="OpenJDK 64-Bit Server VM"/>
    <property name="java.vendor.version" value="Zulu11.72+19-CA"/>
    <property name="localRepository" value="/home/anusha/.m2/repository"/>
    <property name="java.vendor.url.bug" value="http://www.azul.com/support/"/>
    <property name="java.io.tmpdir" value="/tmp"/>
    <property name="java.version" value="11.0.23"/>
    <property name="user.dir" value="/opt/mosip/repository/esignet-plugins/mosip-identity-plugin"/>
    <property name="os.arch" value="amd64"/>
    <property name="git.commit.id.abbrev" value="6f3c179"/>
    <property name="java.vm.specification.name" value="Java Virtual Machine Specification"/>
    <property name="java.awt.printerjob" value="sun.print.PSPrinterJob"/>
    <property name="sun.os.patch.level" value="unknown"/>
    <property name="java.library.path" value="/usr/java/packages/lib:/usr/lib64:/lib64:/lib:/usr/lib"/>
    <property name="java.vm.info" value="mixed mode"/>
    <property name="java.vendor" value="Azul Systems, Inc."/>
    <property name="java.vm.version" value="11.0.23+9-LTS"/>
    <property name="java.specification.maintenance.version" value="2"/>
    <property name="sun.io.unicode.encoding" value="UnicodeLittle"/>
    <property name="java.class.version" value="55.0"/>
  </properties>
  <testcase name="getOAuthTransactionWithValidDetails_thenPass" classname="io.mosip.esignet.plugin.ida.helper.VCITransactionHelperTest" time="0.008"/>
  <testcase name="getOAuthTransactionWithInValidDetails_thenFail" classname="io.mosip.esignet.plugin.ida.helper.VCITransactionHelperTest" time="0.001"/>
</testsuite>